{"level":"info","message":{"body":{},"level":"info","method":"GET","parameters":{},"timestamp":"9/1/2023, 9:55:49 AM","url":"/"},"service":"user-service"}
{"level":"info","message":{"body":{},"level":"info","method":"GET","parameters":{},"timestamp":"9/1/2023, 9:56:26 AM","url":"/"},"service":"user-service"}
{"level":"info","message":{"body":{"email":"dre@test.com","name":"kk","password":"secretpassword","repassword":"secretpassword"},"level":"info","method":"POST","parameters":{},"timestamp":"9/1/2023, 10:13:27 AM","url":"/register"},"service":"user-service"}
{"level":"info","message":{"body":{},"level":"info","method":"GET","parameters":{},"timestamp":"9/1/2023, 10:42:53 AM","url":"/"},"service":"user-service"}
{"level":"info","message":{"body":{},"level":"info","method":"GET","parameters":{},"timestamp":"9/1/2023, 11:03:30 AM","url":"/"},"service":"user-service"}
{"level":"info","message":{"body":{},"level":"info","method":"GET","parameters":{},"timestamp":"9/1/2023, 11:03:32 AM","url":"/"},"service":"user-service"}
{"level":"info","message":{"body":{},"level":"info","method":"GET","parameters":{},"timestamp":"9/1/2023, 11:03:33 AM","url":"/"},"service":"user-service"}
{"level":"info","message":{"body":{},"level":"info","method":"GET","parameters":{},"timestamp":"9/1/2023, 11:03:34 AM","url":"/"},"service":"user-service"}
{"level":"info","message":{"body":{},"level":"info","method":"GET","parameters":{},"timestamp":"9/1/2023, 11:04:16 AM","url":"/"},"service":"user-service"}
{"level":"info","message":{"body":{},"level":"info","method":"GET","parameters":{},"timestamp":"9/1/2023, 11:04:40 AM","url":"/"},"service":"user-service"}
{"level":"info","message":{"body":{},"level":"info","method":"GET","parameters":{},"timestamp":"9/1/2023, 11:04:51 AM","url":"/"},"service":"user-service"}
{"level":"info","message":{"body":{},"level":"info","method":"GET","parameters":{},"timestamp":"9/1/2023, 11:05:10 AM","url":"/"},"service":"user-service"}
{"level":"info","message":{"body":{},"level":"info","method":"GET","parameters":{},"timestamp":"9/1/2023, 11:05:45 AM","url":"/"},"service":"user-service"}
{"level":"info","message":{"body":{},"level":"info","method":"GET","parameters":{},"timestamp":"9/1/2023, 11:05:45 AM","url":"/"},"service":"user-service"}
{"level":"info","message":{"body":{},"level":"info","method":"GET","parameters":{},"timestamp":"9/1/2023, 11:05:55 AM","url":"/"},"service":"user-service"}
{"level":"info","message":{"body":{},"level":"info","method":"GET","parameters":{},"timestamp":"9/1/2023, 11:06:45 AM","url":"/"},"service":"user-service"}
{"level":"info","message":{"body":{},"level":"info","method":"GET","parameters":{},"timestamp":"9/1/2023, 11:07:40 AM","url":"/"},"service":"user-service"}
{"level":"info","message":{"body":{},"level":"info","method":"GET","parameters":{},"timestamp":"9/1/2023, 11:07:41 AM","url":"/"},"service":"user-service"}
{"level":"info","message":{"body":{},"level":"info","method":"GET","parameters":{},"timestamp":"9/1/2023, 11:09:09 AM","url":"/"},"service":"user-service"}
{"level":"info","message":{"body":{},"level":"info","method":"GET","parameters":{},"timestamp":"9/1/2023, 11:09:39 AM","url":"/"},"service":"user-service"}
{"level":"info","message":{"body":{},"level":"info","method":"GET","parameters":{},"timestamp":"9/1/2023, 11:09:54 AM","url":"/"},"service":"user-service"}
{"level":"info","message":{"body":{},"level":"info","method":"GET","parameters":{},"timestamp":"9/1/2023, 11:09:55 AM","url":"/"},"service":"user-service"}
{"level":"info","message":{"body":{},"level":"info","method":"GET","parameters":{},"timestamp":"9/1/2023, 11:09:56 AM","url":"/"},"service":"user-service"}
{"level":"info","message":{"body":{},"level":"info","method":"GET","parameters":{},"timestamp":"9/1/2023, 11:10:12 AM","url":"/"},"service":"user-service"}
{"level":"info","message":{"body":{},"level":"info","method":"GET","parameters":{},"timestamp":"9/1/2023, 11:10:30 AM","url":"/"},"service":"user-service"}
{"level":"info","message":{"body":{},"level":"info","method":"GET","parameters":{},"timestamp":"9/1/2023, 11:11:02 AM","url":"/"},"service":"user-service"}
{"level":"info","message":{"body":{},"level":"info","method":"GET","parameters":{},"timestamp":"9/1/2023, 11:11:08 AM","url":"/"},"service":"user-service"}
{"level":"info","message":{"body":{},"level":"info","method":"GET","parameters":{},"timestamp":"9/1/2023, 11:13:33 AM","url":"/"},"service":"user-service"}
{"level":"info","message":{"body":{},"level":"info","method":"GET","parameters":{},"timestamp":"9/1/2023, 11:13:36 AM","url":"/"},"service":"user-service"}
{"level":"info","message":{"body":{},"level":"info","method":"GET","parameters":{},"timestamp":"9/1/2023, 11:13:47 AM","url":"/"},"service":"user-service"}
{"level":"info","message":{"body":{},"level":"info","method":"GET","parameters":{},"timestamp":"9/1/2023, 11:13:47 AM","url":"/"},"service":"user-service"}
{"level":"info","message":{"body":{},"level":"info","method":"GET","parameters":{},"timestamp":"9/1/2023, 11:13:57 AM","url":"/"},"service":"user-service"}
{"level":"info","message":{"body":{},"level":"info","method":"GET","parameters":{},"timestamp":"9/1/2023, 11:13:57 AM","url":"/"},"service":"user-service"}
{"level":"info","message":{"body":{},"level":"info","method":"GET","parameters":{},"timestamp":"9/1/2023, 11:14:17 AM","url":"/"},"service":"user-service"}
{"level":"info","message":{"body":{},"level":"info","method":"GET","parameters":{},"timestamp":"9/1/2023, 11:14:41 AM","url":"/"},"service":"user-service"}
{"level":"info","message":{"body":{},"level":"info","method":"GET","parameters":{},"timestamp":"9/1/2023, 11:14:49 AM","url":"/"},"service":"user-service"}
{"level":"info","message":{"body":{},"level":"info","method":"GET","parameters":{},"timestamp":"9/1/2023, 11:14:55 AM","url":"/"},"service":"user-service"}
{"level":"info","message":{"body":{},"level":"info","method":"GET","parameters":{},"timestamp":"9/1/2023, 11:15:20 AM","url":"/"},"service":"user-service"}
{"level":"info","message":{"body":{},"level":"info","method":"GET","parameters":{},"timestamp":"9/1/2023, 11:15:33 AM","url":"/"},"service":"user-service"}
{"level":"info","message":{"body":{},"level":"info","method":"GET","parameters":{},"timestamp":"9/1/2023, 11:15:46 AM","url":"/"},"service":"user-service"}
{"level":"info","message":{"body":{},"level":"info","method":"GET","parameters":{},"timestamp":"9/1/2023, 11:16:01 AM","url":"/"},"service":"user-service"}
{"level":"info","message":{"body":{},"level":"info","method":"GET","parameters":{},"timestamp":"9/1/2023, 11:16:06 AM","url":"/"},"service":"user-service"}
{"level":"info","message":{"body":{},"level":"info","method":"GET","parameters":{},"timestamp":"9/1/2023, 11:16:13 AM","url":"/"},"service":"user-service"}
{"level":"info","message":{"body":{},"level":"info","method":"GET","parameters":{},"timestamp":"9/1/2023, 11:16:19 AM","url":"/"},"service":"user-service"}
{"level":"info","message":{"body":{},"level":"info","method":"GET","parameters":{},"timestamp":"9/1/2023, 11:16:25 AM","url":"/"},"service":"user-service"}
{"level":"info","message":{"body":{},"level":"info","method":"GET","parameters":{},"timestamp":"9/1/2023, 11:16:30 AM","url":"/"},"service":"user-service"}
{"level":"info","message":{"body":{},"level":"info","method":"GET","parameters":{},"timestamp":"9/1/2023, 11:18:26 AM","url":"/"},"service":"user-service"}
{"level":"info","message":{"body":{},"level":"info","method":"GET","parameters":{},"timestamp":"9/1/2023, 11:20:01 AM","url":"/"},"service":"user-service"}
{"level":"info","message":{"body":{},"level":"info","method":"GET","parameters":{},"timestamp":"9/1/2023, 11:20:35 AM","url":"/"},"service":"user-service"}
{"level":"info","message":{"body":{},"level":"info","method":"GET","parameters":{},"timestamp":"9/1/2023, 11:20:35 AM","url":"/"},"service":"user-service"}
{"level":"info","message":{"body":{},"level":"info","method":"GET","parameters":{},"timestamp":"9/1/2023, 11:20:37 AM","url":"/"},"service":"user-service"}
{"level":"info","message":{"body":{},"level":"info","method":"GET","parameters":{},"timestamp":"9/1/2023, 11:20:53 AM","url":"/"},"service":"user-service"}
{"level":"info","message":{"body":{},"level":"info","method":"GET","parameters":{},"timestamp":"9/1/2023, 11:20:53 AM","url":"/"},"service":"user-service"}
{"level":"info","message":{"body":{},"level":"info","method":"GET","parameters":{},"timestamp":"9/1/2023, 11:24:02 AM","url":"/"},"service":"user-service"}
{"level":"info","message":{"body":{},"level":"info","method":"GET","parameters":{},"timestamp":"9/1/2023, 11:24:54 AM","url":"/"},"service":"user-service"}
{"level":"info","message":{"body":{},"level":"info","method":"GET","parameters":{},"timestamp":"9/1/2023, 11:25:44 AM","url":"/"},"service":"user-service"}
{"level":"info","message":{"body":{},"level":"info","method":"GET","parameters":{},"timestamp":"9/1/2023, 11:26:50 AM","url":"/"},"service":"user-service"}
{"level":"info","message":{"body":{},"level":"info","method":"GET","parameters":{},"timestamp":"9/1/2023, 11:26:50 AM","url":"/"},"service":"user-service"}
{"level":"info","message":{"body":{},"level":"info","method":"GET","parameters":{},"timestamp":"9/1/2023, 11:26:51 AM","url":"/"},"service":"user-service"}
{"level":"info","message":{"body":{},"level":"info","method":"GET","parameters":{},"timestamp":"9/1/2023, 11:26:52 AM","url":"/"},"service":"user-service"}
{"level":"info","message":{"body":{},"level":"info","method":"GET","parameters":{},"timestamp":"9/1/2023, 11:26:58 AM","url":"/"},"service":"user-service"}
{"level":"info","message":{"body":{},"level":"info","method":"GET","parameters":{},"timestamp":"9/1/2023, 11:27:22 AM","url":"/"},"service":"user-service"}
{"level":"info","message":{"body":{},"level":"info","method":"GET","parameters":{},"timestamp":"9/1/2023, 11:27:23 AM","url":"/"},"service":"user-service"}
{"level":"info","message":{"body":{},"level":"info","method":"GET","parameters":{},"timestamp":"9/1/2023, 11:27:59 AM","url":"/"},"service":"user-service"}
{"level":"info","message":{"body":{},"level":"info","method":"GET","parameters":{},"timestamp":"9/1/2023, 11:28:12 AM","url":"/"},"service":"user-service"}
{"level":"info","message":{"body":{},"level":"info","method":"GET","parameters":{},"timestamp":"9/1/2023, 11:28:13 AM","url":"/"},"service":"user-service"}
{"level":"info","message":{"body":{},"level":"info","method":"GET","parameters":{},"timestamp":"9/1/2023, 11:28:22 AM","url":"/"},"service":"user-service"}
{"level":"info","message":{"body":{},"level":"info","method":"GET","parameters":{},"timestamp":"9/1/2023, 11:28:35 AM","url":"/"},"service":"user-service"}
{"level":"info","message":{"body":{},"level":"info","method":"GET","parameters":{},"timestamp":"9/1/2023, 11:28:50 AM","url":"/"},"service":"user-service"}
{"level":"info","message":{"body":{},"level":"info","method":"GET","parameters":{},"timestamp":"9/1/2023, 11:29:14 AM","url":"/"},"service":"user-service"}
{"level":"info","message":{"body":{},"level":"info","method":"GET","parameters":{},"timestamp":"9/1/2023, 11:29:23 AM","url":"/"},"service":"user-service"}
{"level":"info","message":{"body":{},"level":"info","method":"GET","parameters":{},"timestamp":"9/1/2023, 11:29:24 AM","url":"/"},"service":"user-service"}
{"level":"info","message":{"body":{},"level":"info","method":"GET","parameters":{},"timestamp":"9/1/2023, 11:29:26 AM","url":"/"},"service":"user-service"}
{"level":"info","message":{"body":{},"level":"info","method":"GET","parameters":{},"timestamp":"9/1/2023, 11:29:47 AM","url":"/"},"service":"user-service"}
{"level":"info","message":{"body":{},"level":"info","method":"GET","parameters":{},"timestamp":"9/1/2023, 11:29:58 AM","url":"/"},"service":"user-service"}
{"level":"info","message":{"body":{},"level":"info","method":"GET","parameters":{},"timestamp":"9/1/2023, 11:30:12 AM","url":"/"},"service":"user-service"}
{"level":"info","message":{"body":{},"level":"info","method":"GET","parameters":{},"timestamp":"9/1/2023, 11:30:20 AM","url":"/"},"service":"user-service"}
{"level":"info","message":{"body":{},"level":"info","method":"GET","parameters":{},"timestamp":"9/1/2023, 11:30:29 AM","url":"/"},"service":"user-service"}
{"level":"info","message":{"body":{},"level":"info","method":"GET","parameters":{},"timestamp":"9/1/2023, 11:30:45 AM","url":"/"},"service":"user-service"}
{"level":"info","message":{"body":{},"level":"info","method":"GET","parameters":{},"timestamp":"9/1/2023, 11:32:19 AM","url":"/"},"service":"user-service"}
{"level":"info","message":{"body":{},"level":"info","method":"GET","parameters":{},"timestamp":"9/1/2023, 11:33:02 AM","url":"/"},"service":"user-service"}
{"level":"info","message":{"body":{},"level":"info","method":"GET","parameters":{},"timestamp":"9/1/2023, 11:33:19 AM","url":"/"},"service":"user-service"}
{"level":"info","message":{"body":{},"level":"info","method":"GET","parameters":{},"timestamp":"9/1/2023, 11:34:19 AM","url":"/"},"service":"user-service"}
{"level":"info","message":{"body":{},"level":"info","method":"GET","parameters":{},"timestamp":"9/1/2023, 11:35:15 AM","url":"/"},"service":"user-service"}
{"level":"info","message":{"body":{},"level":"info","method":"GET","parameters":{},"timestamp":"9/1/2023, 11:35:34 AM","url":"/"},"service":"user-service"}
{"level":"info","message":{"body":{},"level":"info","method":"GET","parameters":{},"timestamp":"9/1/2023, 11:35:47 AM","url":"/"},"service":"user-service"}
{"level":"info","message":{"body":{},"level":"info","method":"GET","parameters":{},"timestamp":"9/1/2023, 11:35:55 AM","url":"/"},"service":"user-service"}
{"level":"info","message":{"body":{},"level":"info","method":"GET","parameters":{},"timestamp":"9/1/2023, 11:36:39 AM","url":"/"},"service":"user-service"}
{"level":"info","message":{"body":{},"level":"info","method":"GET","parameters":{},"timestamp":"9/1/2023, 11:36:58 AM","url":"/"},"service":"user-service"}
{"level":"info","message":{"body":{},"level":"info","method":"GET","parameters":{},"timestamp":"9/1/2023, 11:37:06 AM","url":"/"},"service":"user-service"}
{"level":"info","message":{"body":{},"level":"info","method":"GET","parameters":{},"timestamp":"9/1/2023, 11:37:11 AM","url":"/"},"service":"user-service"}
{"level":"info","message":{"body":{},"level":"info","method":"GET","parameters":{},"timestamp":"9/1/2023, 11:40:37 AM","url":"/"},"service":"user-service"}
{"level":"info","message":{"body":{},"level":"info","method":"GET","parameters":{},"timestamp":"9/1/2023, 11:41:16 AM","url":"/"},"service":"user-service"}
{"level":"info","message":{"body":{},"level":"info","method":"GET","parameters":{},"timestamp":"9/1/2023, 11:41:27 AM","url":"/"},"service":"user-service"}
{"level":"info","message":{"body":{},"level":"info","method":"GET","parameters":{},"timestamp":"9/1/2023, 11:42:53 AM","url":"/"},"service":"user-service"}
{"level":"info","message":{"body":{},"level":"info","method":"GET","parameters":{},"timestamp":"9/1/2023, 11:43:49 AM","url":"/"},"service":"user-service"}
{"level":"info","message":{"body":{},"level":"info","method":"GET","parameters":{},"timestamp":"9/1/2023, 11:44:14 AM","url":"/"},"service":"user-service"}
{"level":"info","message":{"body":{},"level":"info","method":"GET","parameters":{},"timestamp":"9/1/2023, 11:45:25 AM","url":"/"},"service":"user-service"}
{"level":"info","message":{"body":{},"level":"info","method":"GET","parameters":{},"timestamp":"9/1/2023, 11:45:52 AM","url":"/"},"service":"user-service"}
{"level":"info","message":{"body":{},"level":"info","method":"GET","parameters":{},"timestamp":"9/1/2023, 11:46:04 AM","url":"/"},"service":"user-service"}
{"level":"info","message":{"body":{},"level":"info","method":"GET","parameters":{},"timestamp":"9/1/2023, 11:46:13 AM","url":"/"},"service":"user-service"}
{"level":"info","message":{"body":{},"level":"info","method":"GET","parameters":{},"timestamp":"9/1/2023, 11:46:14 AM","url":"/"},"service":"user-service"}
{"level":"info","message":{"body":{},"level":"info","method":"GET","parameters":{},"timestamp":"9/1/2023, 11:46:23 AM","url":"/"},"service":"user-service"}
{"level":"info","message":{"body":{},"level":"info","method":"GET","parameters":{},"timestamp":"9/1/2023, 11:46:30 AM","url":"/"},"service":"user-service"}
{"level":"info","message":{"body":{},"level":"info","method":"GET","parameters":{},"timestamp":"9/1/2023, 11:46:39 AM","url":"/"},"service":"user-service"}
{"level":"info","message":{"body":{},"level":"info","method":"GET","parameters":{},"timestamp":"9/1/2023, 11:47:04 AM","url":"/"},"service":"user-service"}
{"level":"info","message":{"body":{},"level":"info","method":"GET","parameters":{},"timestamp":"9/1/2023, 11:47:25 AM","url":"/"},"service":"user-service"}
{"level":"info","message":{"body":{},"level":"info","method":"GET","parameters":{},"timestamp":"9/1/2023, 11:52:43 AM","url":"/"},"service":"user-service"}
{"level":"info","message":{"body":{"email":"s@b.com","name":"Sababu","password":"99999999","repassword":"99999999"},"level":"info","method":"POST","parameters":{},"timestamp":"9/1/2023, 11:08:11 AM","url":"/register"},"service":"user-service"}
{"level":"info","message":{"body":{},"level":"info","method":"GET","parameters":{},"timestamp":"9/1/2023, 12:15:43 PM","url":"/"},"service":"user-service"}
{"level":"info","message":{"body":{},"level":"info","method":"GET","parameters":{},"timestamp":"9/1/2023, 12:15:45 PM","url":"/"},"service":"user-service"}
{"level":"info","message":{"body":{},"level":"info","method":"GET","parameters":{},"timestamp":"9/1/2023, 12:15:48 PM","url":"/"},"service":"user-service"}
{"level":"info","message":{"body":{},"level":"info","method":"GET","parameters":{},"timestamp":"9/1/2023, 12:16:37 PM","url":"/"},"service":"user-service"}
{"level":"info","message":{"body":{},"level":"info","method":"GET","parameters":{},"timestamp":"9/1/2023, 12:31:08 PM","url":"/"},"service":"user-service"}
{"level":"info","message":{"body":{},"level":"info","method":"GET","parameters":{},"timestamp":"9/1/2023, 12:35:10 PM","url":"/"},"service":"user-service"}
{"level":"info","message":{"body":{},"level":"info","method":"GET","parameters":{},"timestamp":"9/1/2023, 12:35:25 PM","url":"/"},"service":"user-service"}
{"level":"info","message":{"body":{},"level":"info","method":"GET","parameters":{},"timestamp":"9/1/2023, 12:37:03 PM","url":"/"},"service":"user-service"}
{"level":"info","message":{"body":{},"level":"info","method":"GET","parameters":{},"timestamp":"9/1/2023, 12:38:08 PM","url":"/"},"service":"user-service"}
{"level":"info","message":{"body":{},"level":"info","method":"GET","parameters":{},"timestamp":"9/1/2023, 12:38:33 PM","url":"/"},"service":"user-service"}
{"level":"info","message":{"body":{},"level":"info","method":"GET","parameters":{},"timestamp":"9/1/2023, 12:39:09 PM","url":"/"},"service":"user-service"}
{"level":"info","message":{"body":{},"level":"info","method":"GET","parameters":{},"timestamp":"9/1/2023, 12:49:06 PM","url":"/"},"service":"user-service"}
{"level":"info","message":{"body":{},"level":"info","method":"GET","parameters":{},"timestamp":"9/1/2023, 12:49:32 PM","url":"/"},"service":"user-service"}
{"level":"info","message":{"body":{},"level":"info","method":"GET","parameters":{},"timestamp":"9/1/2023, 12:49:42 PM","url":"/"},"service":"user-service"}
{"level":"info","message":{"body":{},"level":"info","method":"GET","parameters":{},"timestamp":"9/1/2023, 12:49:59 PM","url":"/"},"service":"user-service"}
{"level":"info","message":{"body":{},"level":"info","method":"GET","parameters":{},"timestamp":"9/1/2023, 12:50:11 PM","url":"/"},"service":"user-service"}
{"level":"info","message":{"body":{},"level":"info","method":"GET","parameters":{},"timestamp":"9/1/2023, 12:50:46 PM","url":"/"},"service":"user-service"}
{"level":"info","message":{"body":{},"level":"info","method":"GET","parameters":{},"timestamp":"9/1/2023, 12:51:11 PM","url":"/"},"service":"user-service"}
{"level":"info","message":{"body":{},"level":"info","method":"GET","parameters":{},"timestamp":"9/1/2023, 12:51:36 PM","url":"/"},"service":"user-service"}
{"level":"info","message":{"body":{},"level":"info","method":"GET","parameters":{},"timestamp":"9/1/2023, 12:51:44 PM","url":"/"},"service":"user-service"}
{"level":"info","message":{"body":{},"level":"info","method":"GET","parameters":{},"timestamp":"9/1/2023, 12:52:03 PM","url":"/"},"service":"user-service"}
{"level":"info","message":{"body":{},"level":"info","method":"GET","parameters":{},"timestamp":"9/1/2023, 12:52:13 PM","url":"/"},"service":"user-service"}
{"level":"info","message":{"body":{},"level":"info","method":"GET","parameters":{},"timestamp":"9/1/2023, 12:52:57 PM","url":"/"},"service":"user-service"}
{"level":"info","message":{"body":{},"level":"info","method":"GET","parameters":{},"timestamp":"9/1/2023, 12:53:03 PM","url":"/"},"service":"user-service"}
{"level":"info","message":{"body":{},"level":"info","method":"GET","parameters":{},"timestamp":"9/1/2023, 12:54:23 PM","url":"/"},"service":"user-service"}
{"level":"info","message":{"body":{},"level":"info","method":"GET","parameters":{},"timestamp":"9/1/2023, 12:54:24 PM","url":"/"},"service":"user-service"}
{"level":"info","message":{"body":{},"level":"info","method":"GET","parameters":{},"timestamp":"9/1/2023, 12:54:26 PM","url":"/"},"service":"user-service"}
{"level":"info","message":{"body":{},"level":"info","method":"GET","parameters":{},"timestamp":"9/1/2023, 12:54:27 PM","url":"/"},"service":"user-service"}
{"level":"info","message":{"body":{},"level":"info","method":"GET","parameters":{},"timestamp":"9/1/2023, 12:56:06 PM","url":"/"},"service":"user-service"}
{"level":"info","message":{"body":{},"level":"info","method":"GET","parameters":{},"timestamp":"9/1/2023, 12:56:12 PM","url":"/"},"service":"user-service"}
{"level":"info","message":{"body":{},"level":"info","method":"GET","parameters":{},"timestamp":"9/1/2023, 12:56:13 PM","url":"/"},"service":"user-service"}
{"level":"info","message":{"body":{},"level":"info","method":"GET","parameters":{},"timestamp":"9/1/2023, 12:56:15 PM","url":"/"},"service":"user-service"}
{"level":"info","message":{"body":{},"level":"info","method":"GET","parameters":{},"timestamp":"9/1/2023, 12:57:58 PM","url":"/"},"service":"user-service"}
{"level":"info","message":{"body":{},"level":"info","method":"GET","parameters":{},"timestamp":"9/1/2023, 12:58:49 PM","url":"/"},"service":"user-service"}
{"level":"info","message":{"body":{},"level":"info","method":"GET","parameters":{},"timestamp":"9/1/2023, 12:58:49 PM","url":"/"},"service":"user-service"}
{"level":"info","message":{"body":{},"level":"info","method":"GET","parameters":{},"timestamp":"9/1/2023, 12:58:53 PM","url":"/"},"service":"user-service"}
{"level":"info","message":{"body":{},"level":"info","method":"GET","parameters":{},"timestamp":"9/1/2023, 12:59:06 PM","url":"/"},"service":"user-service"}
{"level":"info","message":{"body":{},"level":"info","method":"GET","parameters":{},"timestamp":"9/1/2023, 12:59:07 PM","url":"/"},"service":"user-service"}
{"level":"info","message":{"body":{},"level":"info","method":"GET","parameters":{},"timestamp":"9/1/2023, 12:59:19 PM","url":"/"},"service":"user-service"}
{"level":"info","message":{"body":{},"level":"info","method":"GET","parameters":{},"timestamp":"9/1/2023, 12:59:30 PM","url":"/"},"service":"user-service"}
{"level":"info","message":{"body":{},"level":"info","method":"GET","parameters":{},"timestamp":"9/1/2023, 12:59:31 PM","url":"/"},"service":"user-service"}
{"level":"info","message":{"body":{},"level":"info","method":"GET","parameters":{},"timestamp":"9/1/2023, 12:59:31 PM","url":"/"},"service":"user-service"}
{"level":"info","message":{"body":{},"level":"info","method":"GET","parameters":{},"timestamp":"9/1/2023, 1:00:02 PM","url":"/"},"service":"user-service"}
{"level":"info","message":{"body":{},"level":"info","method":"GET","parameters":{},"timestamp":"9/1/2023, 1:00:25 PM","url":"/"},"service":"user-service"}
{"level":"info","message":{"body":{},"level":"info","method":"GET","parameters":{},"timestamp":"9/1/2023, 1:00:33 PM","url":"/"},"service":"user-service"}
{"level":"info","message":{"body":{},"level":"info","method":"GET","parameters":{},"timestamp":"9/1/2023, 1:01:29 PM","url":"/"},"service":"user-service"}
{"level":"info","message":{"body":{},"level":"info","method":"GET","parameters":{},"timestamp":"9/1/2023, 1:02:02 PM","url":"/"},"service":"user-service"}
{"level":"info","message":{"body":{},"level":"info","method":"GET","parameters":{},"timestamp":"9/1/2023, 1:02:17 PM","url":"/"},"service":"user-service"}
{"level":"info","message":{"body":{},"level":"info","method":"GET","parameters":{},"timestamp":"9/1/2023, 1:02:40 PM","url":"/"},"service":"user-service"}
{"level":"info","message":{"body":{},"level":"info","method":"GET","parameters":{},"timestamp":"9/1/2023, 1:02:47 PM","url":"/"},"service":"user-service"}
{"level":"info","message":{"body":{},"level":"info","method":"GET","parameters":{},"timestamp":"9/1/2023, 1:03:18 PM","url":"/"},"service":"user-service"}
{"level":"info","message":{"body":{},"level":"info","method":"GET","parameters":{},"timestamp":"9/1/2023, 1:03:32 PM","url":"/"},"service":"user-service"}
{"level":"info","message":{"body":{},"level":"info","method":"GET","parameters":{},"timestamp":"9/1/2023, 1:05:25 PM","url":"/"},"service":"user-service"}
{"level":"info","message":{"body":{},"level":"info","method":"GET","parameters":{},"timestamp":"9/1/2023, 1:05:41 PM","url":"/"},"service":"user-service"}
{"level":"info","message":{"body":{},"level":"info","method":"GET","parameters":{},"timestamp":"9/1/2023, 1:05:42 PM","url":"/"},"service":"user-service"}
{"level":"info","message":{"body":{},"level":"info","method":"GET","parameters":{},"timestamp":"9/1/2023, 1:06:48 PM","url":"/"},"service":"user-service"}
{"level":"info","message":{"body":{},"level":"info","method":"GET","parameters":{},"timestamp":"9/1/2023, 1:06:48 PM","url":"/"},"service":"user-service"}
{"level":"info","message":{"body":{},"level":"info","method":"GET","parameters":{},"timestamp":"9/1/2023, 1:06:49 PM","url":"/"},"service":"user-service"}
{"level":"info","message":{"body":{},"level":"info","method":"GET","parameters":{},"timestamp":"9/1/2023, 1:07:13 PM","url":"/"},"service":"user-service"}
{"level":"info","message":{"body":{},"level":"info","method":"GET","parameters":{},"timestamp":"9/1/2023, 1:07:27 PM","url":"/"},"service":"user-service"}
{"level":"info","message":{"body":{},"level":"info","method":"GET","parameters":{},"timestamp":"9/1/2023, 1:07:43 PM","url":"/"},"service":"user-service"}
{"level":"info","message":{"body":{},"level":"info","method":"GET","parameters":{},"timestamp":"9/1/2023, 1:07:44 PM","url":"/"},"service":"user-service"}
{"level":"info","message":{"body":{},"level":"info","method":"GET","parameters":{},"timestamp":"9/1/2023, 1:07:45 PM","url":"/"},"service":"user-service"}
{"level":"info","message":{"body":{},"level":"info","method":"GET","parameters":{},"timestamp":"9/1/2023, 1:08:10 PM","url":"/"},"service":"user-service"}
{"level":"info","message":{"body":{},"level":"info","method":"GET","parameters":{},"timestamp":"9/1/2023, 1:08:36 PM","url":"/"},"service":"user-service"}
{"level":"info","message":{"body":{},"level":"info","method":"GET","parameters":{},"timestamp":"9/1/2023, 1:09:24 PM","url":"/"},"service":"user-service"}
{"level":"info","message":{"body":{},"level":"info","method":"GET","parameters":{},"timestamp":"9/1/2023, 1:09:51 PM","url":"/"},"service":"user-service"}
{"level":"info","message":{"body":{},"level":"info","method":"GET","parameters":{},"timestamp":"9/1/2023, 1:10:06 PM","url":"/"},"service":"user-service"}
{"level":"info","message":{"body":{},"level":"info","method":"GET","parameters":{},"timestamp":"9/1/2023, 1:12:47 PM","url":"/"},"service":"user-service"}
{"level":"info","message":{"body":{},"level":"info","method":"GET","parameters":{},"timestamp":"9/1/2023, 1:13:03 PM","url":"/"},"service":"user-service"}
{"level":"info","message":{"body":{},"level":"info","method":"GET","parameters":{},"timestamp":"9/1/2023, 1:13:04 PM","url":"/"},"service":"user-service"}
{"level":"info","message":{"body":{},"level":"info","method":"GET","parameters":{},"timestamp":"9/1/2023, 1:13:04 PM","url":"/"},"service":"user-service"}
{"level":"info","message":{"body":{},"level":"info","method":"GET","parameters":{},"timestamp":"9/1/2023, 1:13:15 PM","url":"/"},"service":"user-service"}
{"level":"info","message":{"body":{},"level":"info","method":"GET","parameters":{},"timestamp":"9/1/2023, 1:13:15 PM","url":"/"},"service":"user-service"}
{"level":"info","message":{"body":{},"level":"info","method":"GET","parameters":{},"timestamp":"9/1/2023, 1:13:53 PM","url":"/"},"service":"user-service"}
{"level":"info","message":{"body":{},"level":"info","method":"GET","parameters":{},"timestamp":"9/1/2023, 1:14:09 PM","url":"/"},"service":"user-service"}
{"level":"info","message":{"body":{},"level":"info","method":"GET","parameters":{},"timestamp":"9/1/2023, 1:14:46 PM","url":"/"},"service":"user-service"}
{"level":"info","message":{"body":{},"level":"info","method":"GET","parameters":{},"timestamp":"9/1/2023, 1:15:16 PM","url":"/"},"service":"user-service"}
{"level":"info","message":{"body":{},"level":"info","method":"GET","parameters":{},"timestamp":"9/1/2023, 1:15:16 PM","url":"/"},"service":"user-service"}
{"level":"info","message":{"body":{},"level":"info","method":"GET","parameters":{},"timestamp":"9/1/2023, 1:15:17 PM","url":"/"},"service":"user-service"}
{"level":"info","message":{"body":{},"level":"info","method":"GET","parameters":{},"timestamp":"9/1/2023, 1:15:17 PM","url":"/"},"service":"user-service"}
{"level":"info","message":{"body":{},"level":"info","method":"GET","parameters":{},"timestamp":"9/1/2023, 1:15:33 PM","url":"/"},"service":"user-service"}
{"level":"info","message":{"body":{},"level":"info","method":"GET","parameters":{},"timestamp":"9/1/2023, 1:15:34 PM","url":"/"},"service":"user-service"}
{"level":"info","message":{"body":{},"level":"info","method":"GET","parameters":{},"timestamp":"9/1/2023, 1:17:50 PM","url":"/"},"service":"user-service"}
{"level":"info","message":{"body":{},"level":"info","method":"GET","parameters":{},"timestamp":"9/1/2023, 1:17:50 PM","url":"/"},"service":"user-service"}
{"level":"info","message":{"body":{},"level":"info","method":"GET","parameters":{},"timestamp":"9/1/2023, 1:17:51 PM","url":"/"},"service":"user-service"}
{"level":"info","message":{"body":{},"level":"info","method":"GET","parameters":{},"timestamp":"9/1/2023, 1:17:51 PM","url":"/"},"service":"user-service"}
{"level":"info","message":{"body":{},"level":"info","method":"GET","parameters":{},"timestamp":"9/1/2023, 1:18:12 PM","url":"/"},"service":"user-service"}
{"level":"info","message":{"body":{},"level":"info","method":"GET","parameters":{},"timestamp":"9/1/2023, 1:18:12 PM","url":"/"},"service":"user-service"}
{"level":"info","message":{"body":{},"level":"info","method":"GET","parameters":{},"timestamp":"9/1/2023, 1:18:17 PM","url":"/"},"service":"user-service"}
{"level":"info","message":{"body":{},"level":"info","method":"GET","parameters":{},"timestamp":"9/1/2023, 2:01:11 PM","url":"/"},"service":"user-service"}
{"level":"info","message":{"body":{},"level":"info","method":"GET","parameters":{},"timestamp":"9/1/2023, 2:01:13 PM","url":"/"},"service":"user-service"}
{"level":"info","message":{"body":{},"level":"info","method":"GET","parameters":{},"timestamp":"9/1/2023, 2:01:20 PM","url":"/"},"service":"user-service"}
{"level":"info","message":{"body":{},"level":"info","method":"GET","parameters":{},"timestamp":"9/1/2023, 2:01:20 PM","url":"/"},"service":"user-service"}
{"level":"info","message":{"body":{},"level":"info","method":"GET","parameters":{},"timestamp":"9/1/2023, 2:01:21 PM","url":"/"},"service":"user-service"}
{"level":"info","message":{"body":{},"level":"info","method":"GET","parameters":{},"timestamp":"9/1/2023, 3:59:57 PM","url":"/"},"service":"user-service"}
{"level":"info","message":{"body":{},"level":"info","method":"GET","parameters":{},"timestamp":"9/1/2023, 4:00:33 PM","url":"/login"},"service":"user-service"}
{"level":"info","message":{"body":{"email":"thetonyvu@yahoo.com","password":"ilovefood"},"level":"info","method":"POST","parameters":{},"timestamp":"9/1/2023, 4:00:36 PM","url":"/login"},"service":"user-service"}
{"level":"info","message":{"body":{},"level":"info","method":"GET","parameters":{},"timestamp":"9/1/2023, 4:03:42 PM","url":"/"},"service":"user-service"}
{"level":"info","message":{"body":{"email":"hienwin@gmail.com","name":"hien nguyen","password":"12345678","repassword":"12345678"},"level":"info","method":"POST","parameters":{},"timestamp":"9/1/2023, 4:04:33 PM","url":"/register"},"service":"user-service"}
{"level":"info","message":{"body":{},"level":"info","method":"GET","parameters":{},"timestamp":"9/1/2023, 4:04:45 PM","url":"/login"},"service":"user-service"}
{"level":"info","message":{"body":{"email":"hienwin@gmail.com","password":"12345678"},"level":"info","method":"POST","parameters":{},"timestamp":"9/1/2023, 4:05:00 PM","url":"/login"},"service":"user-service"}
{"level":"info","message":{"body":{},"level":"info","method":"GET","parameters":{},"timestamp":"9/1/2023, 4:05:23 PM","url":"/login"},"service":"user-service"}
{"level":"info","message":{"body":{},"level":"info","method":"GET","parameters":{},"timestamp":"9/5/2023, 9:07:34 AM","url":"/"},"service":"user-service"}
{"level":"info","message":{"body":{},"level":"info","method":"GET","parameters":{},"timestamp":"9/5/2023, 9:07:49 AM","url":"/login"},"service":"user-service"}
{"level":"info","message":{"body":{},"level":"info","method":"GET","parameters":{},"timestamp":"9/5/2023, 9:14:22 AM","url":"/"},"service":"user-service"}
